2017-07-11 16:49:03   "Controller:app\\Controller\\IndexController  action:index"
2017-07-11 16:49:05   "Controller:app\\Controller\\UserController  action:index"
2017-07-11 16:49:07   "Controller:app\\Controller\\GroupController  action:index"
2017-07-11 16:49:09   "Controller:app\\Controller\\LinkController  action:link"
2017-07-11 16:50:47   "Controller:app\\Controller\\LinkController  action:link"
2017-07-11 17:46:36   "Controller:app\\Controller\\IndexController  action:index"
2017-07-11 21:47:05   "Controller:app\\Controller\\IndexController  action:index"
2017-07-11 21:47:08   "Controller:app\\Controller\\UserController  action:index"
2017-07-11 21:47:19   "Controller:app\\Controller\\GroupController  action:index"
2017-07-11 21:47:20   "Controller:app\\Controller\\UserController  action:index"
2017-07-11 21:57:03   "Controller:app\\Controller\\UserController  action:index"
2017-07-11 22:02:00   "Controller:app\\Controller\\UserController  action:index"
2017-07-11 22:04:29   "Controller:app\\Controller\\UserController  action:index"
2017-07-11 22:05:27   "Controller:app\\Controller\\UserController  action:index"
2017-07-11 22:05:49   "Controller:app\\Controller\\SectorController  action:index"
2017-07-11 22:06:25   "Controller:app\\Controller\\SectorController  action:index"
2017-07-11 22:06:27   "Controller:app\\Controller\\UserController  action:index"
2017-07-11 22:06:34   "Controller:app\\Controller\\SectorController  action:index"
2017-07-11 22:08:58   "Controller:app\\Controller\\UserController  action:index"
2017-07-11 22:09:13   "Controller:app\\Controller\\GroupController  action:index"
2017-07-11 22:10:54   "Controller:app\\Controller\\SectorController  action:index"
2017-07-11 22:17:37   "Controller:app\\Controller\\SectorController  action:index"
2017-07-11 22:18:32   "Controller:app\\Controller\\SectorController  action:index"
2017-07-11 22:19:24   "Controller:app\\Controller\\SectorController  action:index"
2017-07-11 22:20:31   "Controller:app\\Controller\\SectorController  action:index"
2017-07-11 22:22:41   "Controller:app\\Controller\\SectorController  action:add"
2017-07-11 22:36:56   "Controller:app\\Controller\\IndexController  action:index"
2017-07-11 22:37:03   "Controller:app\\Controller\\SectorController  action:index"
2017-07-11 22:37:08   "Controller:app\\Controller\\SectorController  action:add"
2017-07-11 22:38:34   "Controller:app\\Controller\\SectorController  action:add"
2017-07-11 22:38:55   "Controller:app\\Controller\\SectorController  action:add"
