2017-07-07 08:59:21   "Controller:\\app\\Controller\\IndexController  action:index"
2017-07-07 08:59:24   "Controller:\\app\\Controller\\GroupController  action:index"
2017-07-07 08:59:26   "Controller:\\app\\Controller\\UserController  action:index"
2017-07-07 08:59:26   "Controller:\\app\\Controller\\LinkController  action:skip"
2017-07-07 08:59:27   "Controller:\\app\\Controller\\LinkController  action:link"
2017-07-07 08:59:48   "Controller:\\app\\Controller\\GroupController  action:index"
2017-07-07 08:59:53   "Controller:\\app\\Controller\\UserController  action:index"
2017-07-07 08:59:56   "Controller:\\app\\Controller\\GroupController  action:index"
2017-07-07 08:59:58   "Controller:\\app\\Controller\\LinkController  action:skip"
2017-07-07 09:00:00   "Controller:\\app\\Controller\\LinkController  action:link"
2017-07-07 09:01:44   "Controller:\\app\\Controller\\LinkController  action:link"
2017-07-07 09:02:55   "Controller:\\app\\Controller\\IndexController  action:index"
2017-07-07 09:02:57   "Controller:\\app\\Controller\\IndexController  action:index"
2017-07-07 09:04:18   "Controller:\\app\\Controller\\IndexController  action:index"
2017-07-07 09:04:19   "Controller:\\app\\Controller\\IndexController  action:index"
2017-07-07 09:04:19   "Controller:\\app\\Controller\\IndexController  action:index"
2017-07-07 09:04:19   "Controller:\\app\\Controller\\IndexController  action:index"
2017-07-07 09:04:22   "Controller:\\app\\Controller\\IndexController  action:index"
2017-07-07 09:04:37   "Controller:\\app\\Controller\\IndexController  action:index"
2017-07-07 09:04:44   "Controller:\\app\\Controller\\IndexController  action:index"
2017-07-07 09:04:48   "Controller:\\app\\Controller\\IndexController  action:index"
2017-07-07 09:04:51   "Controller:\\app\\Controller\\IndexController  action:index"
2017-07-07 09:04:53   "Controller:\\app\\Controller\\IndexController  action:index"
2017-07-07 09:05:02   "Controller:\\app\\Controller\\IndexController  action:index"
2017-07-07 09:05:02   "Controller:\\app\\Controller\\IndexController  action:index"
2017-07-07 09:05:02   "Controller:\\app\\Controller\\IndexController  action:index"
2017-07-07 09:05:03   "Controller:\\app\\Controller\\IndexController  action:index"
2017-07-07 09:05:03   "Controller:\\app\\Controller\\IndexController  action:index"
2017-07-07 09:05:10   "Controller:\\app\\Controller\\IndexController  action:index"
2017-07-07 09:06:30   "Controller:\\app\\Controller\\IndexController  action:index"
2017-07-07 09:06:35   "Controller:\\app\\Controller\\IndexController  action:index"
2017-07-07 09:09:41   "Controller:\\app\\Controller\\IndexController  action:index"
2017-07-07 09:09:42   "Controller:\\app\\Controller\\IndexController  action:index"
2017-07-07 09:09:43   "Controller:\\app\\Controller\\IndexController  action:index"
2017-07-07 09:10:04   "Controller:\\app\\Controller\\IndexController  action:index"
2017-07-07 09:10:16   "Controller:\\app\\Controller\\IndexController  action:index"
2017-07-07 09:10:17   "Controller:\\app\\Controller\\IndexController  action:index"
2017-07-07 09:10:17   "Controller:\\app\\Controller\\IndexController  action:index"
2017-07-07 09:10:17   "Controller:\\app\\Controller\\IndexController  action:index"
2017-07-07 09:10:17   "Controller:\\app\\Controller\\IndexController  action:index"
2017-07-07 09:10:18   "Controller:\\app\\Controller\\IndexController  action:index"
2017-07-07 09:10:18   "Controller:\\app\\Controller\\IndexController  action:index"
2017-07-07 09:12:35   "Controller:\\app\\Controller\\IndexController  action:index"
2017-07-07 09:12:36   "Controller:\\app\\Controller\\IndexController  action:index"
2017-07-07 09:12:36   "Controller:\\app\\Controller\\IndexController  action:index"
2017-07-07 09:12:36   "Controller:\\app\\Controller\\IndexController  action:index"
2017-07-07 09:12:38   "Controller:\\app\\Controller\\IndexController  action:index"
2017-07-07 09:14:15   "Controller:\\app\\Controller\\IndexController  action:index"
2017-07-07 09:14:15   "Controller:\\app\\Controller\\IndexController  action:index"
2017-07-07 09:14:15   "Controller:\\app\\Controller\\IndexController  action:index"
2017-07-07 09:14:15   "Controller:\\app\\Controller\\IndexController  action:index"
2017-07-07 09:15:09   "Controller:\\app\\Controller\\IndexController  action:index"
2017-07-07 09:15:10   "Controller:\\app\\Controller\\IndexController  action:index"
2017-07-07 09:15:10   "Controller:\\app\\Controller\\IndexController  action:index"
2017-07-07 09:15:10   "Controller:\\app\\Controller\\IndexController  action:index"
2017-07-07 09:15:10   "Controller:\\app\\Controller\\IndexController  action:index"
2017-07-07 09:15:11   "Controller:\\app\\Controller\\IndexController  action:index"
2017-07-07 09:15:11   "Controller:\\app\\Controller\\IndexController  action:index"
2017-07-07 09:15:11   "Controller:\\app\\Controller\\IndexController  action:index"
2017-07-07 09:15:12   "Controller:\\app\\Controller\\IndexController  action:index"
2017-07-07 09:15:13   "Controller:\\app\\Controller\\IndexController  action:index"
2017-07-07 09:15:14   "Controller:\\app\\Controller\\IndexController  action:index"
2017-07-07 09:15:28   "Controller:\\app\\Controller\\IndexController  action:index"
2017-07-07 09:16:29   "Controller:\\app\\Controller\\IndexController  action:index"
2017-07-07 09:23:36   "Controller:\\app\\Controller\\GroupController  action:index"
2017-07-07 09:23:54   "Controller:\\app\\Controller\\GroupController  action:index"
2017-07-07 09:23:55   "Controller:\\app\\Controller\\UserController  action:index"
2017-07-07 09:23:56   "Controller:\\app\\Controller\\LinkController  action:skip"
2017-07-07 09:23:56   "Controller:\\app\\Controller\\LinkController  action:link"
2017-07-07 09:23:59   "Controller:\\app\\Controller\\GroupController  action:index"
2017-07-07 09:24:00   "Controller:\\app\\Controller\\UserController  action:index"
2017-07-07 09:24:02   "Controller:\\app\\Controller\\LinkController  action:skip"
2017-07-07 09:24:03   "Controller:\\app\\Controller\\UserController  action:index"
2017-07-07 09:24:04   "Controller:\\app\\Controller\\GroupController  action:index"
2017-07-07 09:24:06   "Controller:\\app\\Controller\\UserController  action:index"
2017-07-07 09:29:28   "Controller:\\app\\Controller\\UserController  action:index"
2017-07-07 09:29:29   "Controller:\\app\\Controller\\UserController  action:index"
2017-07-07 09:29:30   "Controller:\\app\\Controller\\GroupController  action:index"
2017-07-07 09:29:31   "Controller:\\app\\Controller\\UserController  action:index"
2017-07-07 09:29:33   "Controller:\\app\\Controller\\LinkController  action:skip"
2017-07-07 09:29:47   "Controller:\\app\\Controller\\LinkController  action:skip"
2017-07-07 09:29:48   "Controller:\\app\\Controller\\LinkController  action:skip"
2017-07-07 09:29:50   "Controller:\\app\\Controller\\GroupController  action:index"
2017-07-07 09:29:51   "Controller:\\app\\Controller\\UserController  action:index"
2017-07-07 09:29:52   "Controller:\\app\\Controller\\LinkController  action:skip"
2017-07-07 09:29:53   "Controller:\\app\\Controller\\LinkController  action:skip"
2017-07-07 09:30:12   "Controller:\\app\\Controller\\UserController  action:index"
2017-07-07 09:30:13   "Controller:\\app\\Controller\\GroupController  action:index"
2017-07-07 09:30:14   "Controller:\\app\\Controller\\UserController  action:index"
2017-07-07 09:30:16   "Controller:\\app\\Controller\\LinkController  action:link"
2017-07-07 09:38:26   "Controller:\\app\\Controller\\LinkController  action:link"
2017-07-07 09:38:29   "Controller:\\app\\Controller\\LinkController  action:link"
2017-07-07 09:38:41   "Controller:\\app\\Controller\\LinkController  action:link"
2017-07-07 09:38:53   "Controller:\\app\\Controller\\LinkController  action:link"
2017-07-07 09:39:27   "Controller:\\app\\Controller\\LinkController  action:link"
2017-07-07 09:39:58   "Controller:\\app\\Controller\\LinkController  action:link"
2017-07-07 09:45:32   "Controller:\\app\\Controller\\LinkController  action:link"
2017-07-07 09:46:12   "Controller:\\app\\Controller\\LinkController  action:link"
2017-07-07 09:46:57   "Controller:\\app\\Controller\\LinkController  action:link"
2017-07-07 09:47:00   "Controller:\\app\\Controller\\LinkController  action:link"
2017-07-07 09:47:29   "Controller:\\app\\Controller\\LinkController  action:link"
2017-07-07 09:48:01   "Controller:\\app\\Controller\\IndexController  action:index"
2017-07-07 09:48:13   "Controller:\\app\\Controller\\GroupController  action:index"
2017-07-07 09:50:01   "Controller:\\app\\Controller\\GroupController  action:index"
2017-07-07 09:50:03   "Controller:\\app\\Controller\\GroupController  action:index"
2017-07-07 09:50:28   "Controller:\\app\\Controller\\GroupController  action:index"
2017-07-07 09:50:43   "Controller:\\app\\Controller\\GroupController  action:index"
2017-07-07 09:51:13   "Controller:\\app\\Controller\\GroupController  action:index"
2017-07-07 09:51:15   "Controller:\\app\\Controller\\GroupController  action:index"
2017-07-07 09:51:16   "Controller:\\app\\Controller\\GroupController  action:index"
2017-07-07 09:51:49   "Controller:\\app\\Controller\\GroupController  action:index"
2017-07-07 09:51:51   "Controller:\\app\\Controller\\GroupController  action:index"
2017-07-07 09:52:03   "Controller:\\app\\Controller\\GroupController  action:index"
2017-07-07 09:52:05   "Controller:\\app\\Controller\\GroupController  action:index"
2017-07-07 09:52:18   "Controller:\\app\\Controller\\GroupController  action:index"
2017-07-07 09:52:19   "Controller:\\app\\Controller\\GroupController  action:index"
2017-07-07 09:52:24   "Controller:\\app\\Controller\\GroupController  action:index"
2017-07-07 09:52:30   "Controller:\\app\\Controller\\GroupController  action:index"
2017-07-07 09:52:33   "Controller:\\app\\Controller\\GroupController  action:index"
2017-07-07 09:52:34   "Controller:\\app\\Controller\\UserController  action:index"
2017-07-07 09:52:35   "Controller:\\app\\Controller\\LinkController  action:skip"
2017-07-07 09:52:37   "Controller:\\app\\Controller\\LinkController  action:link"
2017-07-07 09:52:45   "Controller:\\app\\Controller\\GroupController  action:index"
2017-07-07 09:52:46   "Controller:\\app\\Controller\\UserController  action:index"
2017-07-07 09:53:11   "Controller:\\app\\Controller\\UserController  action:index"
2017-07-07 09:54:15   "Controller:\\app\\Controller\\UserController  action:index"
2017-07-07 09:54:17   "Controller:\\app\\Controller\\LinkController  action:skip"
2017-07-07 09:54:18   "Controller:\\app\\Controller\\LinkController  action:skip"
2017-07-07 09:54:22   "Controller:\\app\\Controller\\LinkController  action:skip"
2017-07-07 09:54:23   "Controller:\\app\\Controller\\LinkController  action:skip"
2017-07-07 09:54:24   "Controller:\\app\\Controller\\LinkController  action:link"
2017-07-07 09:54:25   "Controller:\\app\\Controller\\LinkController  action:skip"
2017-07-07 09:54:27   "Controller:\\app\\Controller\\LinkController  action:link"
2017-07-07 09:54:28   "Controller:\\app\\Controller\\UserController  action:index"
2017-07-07 09:54:29   "Controller:\\app\\Controller\\GroupController  action:index"
2017-07-07 09:54:30   "Controller:\\app\\Controller\\UserController  action:index"
2017-07-07 09:54:30   "Controller:\\app\\Controller\\LinkController  action:skip"
2017-07-07 09:54:30   "Controller:\\app\\Controller\\LinkController  action:skip"
2017-07-07 09:54:34   "Controller:\\app\\Controller\\LinkController  action:link"
2017-07-07 09:54:35   "Controller:\\app\\Controller\\LinkController  action:skip"
2017-07-07 09:54:36   "Controller:\\app\\Controller\\LinkController  action:link"
2017-07-07 09:54:37   "Controller:\\app\\Controller\\LinkController  action:skip"
2017-07-07 09:55:34   "Controller:\\app\\Controller\\LinkController  action:skip"
2017-07-07 09:55:36   "Controller:\\app\\Controller\\LinkController  action:skip"
2017-07-07 09:55:39   "Controller:\\app\\Controller\\LinkController  action:skip"
2017-07-07 09:55:39   "Controller:\\app\\Controller\\LinkController  action:skip"
2017-07-07 09:55:40   "Controller:\\app\\Controller\\LinkController  action:skip"
2017-07-07 09:55:41   "Controller:\\app\\Controller\\LinkController  action:skip"
2017-07-07 09:55:41   "Controller:\\app\\Controller\\LinkController  action:link"
2017-07-07 09:55:43   "Controller:\\app\\Controller\\LinkController  action:skip"
2017-07-07 09:55:43   "Controller:\\app\\Controller\\LinkController  action:skip"
2017-07-07 09:55:44   "Controller:\\app\\Controller\\LinkController  action:link"
2017-07-07 09:55:45   "Controller:\\app\\Controller\\LinkController  action:skip"
2017-07-07 09:55:52   "Controller:\\app\\Controller\\LinkController  action:skip"
2017-07-07 09:57:59   "Controller:\\app\\Controller\\LinkController  action:skip"
2017-07-07 09:58:01   "Controller:\\app\\Controller\\LinkController  action:skip"
2017-07-07 09:58:02   "Controller:\\app\\Controller\\LinkController  action:skip"
2017-07-07 09:58:03   "Controller:\\app\\Controller\\LinkController  action:link"
2017-07-07 09:58:04   "Controller:\\app\\Controller\\LinkController  action:skip"
2017-07-07 09:58:23   "Controller:\\app\\Controller\\LinkController  action:skip"
2017-07-07 09:58:25   "Controller:\\app\\Controller\\LinkController  action:skip"
2017-07-07 09:58:56   "Controller:\\app\\Controller\\LinkController  action:skip"
2017-07-07 09:59:03   "Controller:\\app\\Controller\\LinkController  action:skip"
2017-07-07 09:59:20   "Controller:\\app\\Controller\\LinkController  action:skip"
2017-07-07 09:59:24   "Controller:\\app\\Controller\\LinkController  action:skip"
2017-07-07 09:59:24   "Controller:\\app\\Controller\\LinkController  action:skip"
2017-07-07 09:59:35   "Controller:\\app\\Controller\\LinkController  action:skip"
2017-07-07 09:59:36   "Controller:\\app\\Controller\\LinkController  action:skip"
2017-07-07 09:59:36   "Controller:\\app\\Controller\\LinkController  action:skip"
2017-07-07 09:59:40   "Controller:\\app\\Controller\\LinkController  action:skip"
2017-07-07 09:59:41   "Controller:\\app\\Controller\\UserController  action:index"
2017-07-07 09:59:45   "Controller:\\app\\Controller\\GroupController  action:index"
2017-07-07 09:59:46   "Controller:\\app\\Controller\\UserController  action:index"
2017-07-07 09:59:47   "Controller:\\app\\Controller\\GroupController  action:index"
2017-07-07 09:59:47   "Controller:\\app\\Controller\\UserController  action:index"
2017-07-07 09:59:51   "Controller:\\app\\Controller\\LinkController  action:link"
2017-07-07 10:00:01   "Controller:\\app\\Controller\\LinkController  action:link"
2017-07-07 10:00:05   "Controller:\\app\\Controller\\LinkController  action:skip"
2017-07-07 10:00:11   "Controller:\\app\\Controller\\LinkController  action:skip"
2017-07-07 10:00:12   "Controller:\\app\\Controller\\LinkController  action:skip"
2017-07-07 10:00:15   "Controller:\\app\\Controller\\LinkController  action:skip"
2017-07-07 10:00:18   "Controller:\\app\\Controller\\LinkController  action:skip"
2017-07-07 10:00:57   "Controller:\\app\\Controller\\LinkController  action:skip"
2017-07-07 10:00:57   "Controller:\\app\\Controller\\LinkController  action:skip"
2017-07-07 10:01:00   "Controller:\\app\\Controller\\LinkController  action:skip"
2017-07-07 10:01:24   "Controller:\\app\\Controller\\LinkController  action:skip"
2017-07-07 10:01:24   "Controller:\\app\\Controller\\LinkController  action:skip"
2017-07-07 10:01:25   "Controller:\\app\\Controller\\LinkController  action:skip"
2017-07-07 10:01:25   "Controller:\\app\\Controller\\LinkController  action:link"
2017-07-07 10:01:27   "Controller:\\app\\Controller\\LinkController  action:skip"
2017-07-07 10:01:28   "Controller:\\app\\Controller\\LinkController  action:link"
2017-07-07 10:01:29   "Controller:\\app\\Controller\\LinkController  action:skip"
2017-07-07 10:01:30   "Controller:\\app\\Controller\\LinkController  action:link"
2017-07-07 10:01:31   "Controller:\\app\\Controller\\UserController  action:index"
2017-07-07 10:01:32   "Controller:\\app\\Controller\\GroupController  action:index"
2017-07-07 10:01:33   "Controller:\\app\\Controller\\LinkController  action:skip"
2017-07-07 10:01:34   "Controller:\\app\\Controller\\LinkController  action:link"
2017-07-07 10:01:46   "Controller:\\app\\Controller\\UserController  action:index"
2017-07-07 10:01:51   "Controller:\\app\\Controller\\LinkController  action:link"
2017-07-07 10:01:54   "Controller:\\app\\Controller\\LinkController  action:skip"
2017-07-07 10:03:30   "Controller:\\app\\Controller\\LinkController  action:skip"
2017-07-07 10:03:31   "Controller:\\app\\Controller\\LinkController  action:skip"
2017-07-07 10:03:49   "Controller:\\app\\Controller\\LinkController  action:skip"
2017-07-07 10:04:11   "Controller:\\app\\Controller\\LinkController  action:skip"
2017-07-07 10:04:12   "Controller:\\app\\Controller\\LinkController  action:skip"
2017-07-07 10:04:15   "Controller:\\app\\Controller\\LinkController  action:skip"
2017-07-07 10:04:16   "Controller:\\app\\Controller\\LinkController  action:skip"
2017-07-07 10:04:17   "Controller:\\app\\Controller\\LinkController  action:skip"
2017-07-07 10:04:20   "Controller:\\app\\Controller\\LinkController  action:skip"
2017-07-07 10:04:22   "Controller:\\app\\Controller\\LinkController  action:skip"
2017-07-07 10:04:26   "Controller:\\app\\Controller\\LinkController  action:skip"
2017-07-07 10:04:29   "Controller:\\app\\Controller\\LinkController  action:skip"
2017-07-07 10:04:29   "Controller:\\app\\Controller\\LinkController  action:skip"
2017-07-07 10:04:29   "Controller:\\app\\Controller\\LinkController  action:skip"
2017-07-07 10:04:30   "Controller:\\app\\Controller\\LinkController  action:skip"
2017-07-07 10:04:30   "Controller:\\app\\Controller\\LinkController  action:skip"
2017-07-07 10:04:30   "Controller:\\app\\Controller\\LinkController  action:skip"
2017-07-07 10:04:31   "Controller:\\app\\Controller\\LinkController  action:skip"
2017-07-07 10:05:13   "Controller:\\app\\Controller\\LinkController  action:skip"
2017-07-07 10:05:13   "Controller:\\app\\Controller\\LinkController  action:skip"
2017-07-07 10:06:03   "Controller:\\app\\Controller\\LinkController  action:skip"
2017-07-07 10:07:38   "Controller:\\app\\Controller\\LinkController  action:skip"
2017-07-07 10:07:39   "Controller:\\app\\Controller\\LinkController  action:skip"
2017-07-07 10:07:39   "Controller:\\app\\Controller\\LinkController  action:skip"
2017-07-07 10:07:40   "Controller:\\app\\Controller\\LinkController  action:skip"
2017-07-07 10:08:55   "Controller:\\app\\Controller\\LinkController  action:skip"
2017-07-07 10:08:56   "Controller:\\app\\Controller\\LinkController  action:skip"
2017-07-07 10:08:56   "Controller:\\app\\Controller\\LinkController  action:skip"
2017-07-07 10:09:08   "Controller:\\app\\Controller\\GroupController  action:index"
2017-07-07 10:09:11   "Controller:\\app\\Controller\\UserController  action:index"
2017-07-07 10:14:57   "Controller:\\app\\Controller\\UserController  action:index"
2017-07-07 10:17:42   "Controller:\\app\\Controller\\UserController  action:index"
2017-07-07 10:17:42   "Controller:\\app\\Controller\\UserController  action:index"
2017-07-07 10:17:42   "Controller:\\app\\Controller\\UserController  action:index"
2017-07-07 10:18:54   "Controller:\\app\\Controller\\UserController  action:index"
2017-07-07 10:18:55   "Controller:\\app\\Controller\\UserController  action:index"
2017-07-07 10:21:26   "Controller:\\app\\Controller\\UserController  action:index"
2017-07-07 10:21:27   "Controller:\\app\\Controller\\UserController  action:index"
2017-07-07 10:22:43   "Controller:\\app\\Controller\\UserController  action:index"
2017-07-07 10:22:44   "Controller:\\app\\Controller\\UserController  action:index"
2017-07-07 10:23:58   "Controller:\\app\\Controller\\UserController  action:index"
2017-07-07 10:23:58   "Controller:\\app\\Controller\\UserController  action:index"
2017-07-07 10:23:59   "Controller:\\app\\Controller\\UserController  action:index"
2017-07-07 10:36:27   "Controller:\\app\\Controller\\UserController  action:index"
2017-07-07 10:36:28   "Controller:\\app\\Controller\\UserController  action:index"
2017-07-07 10:36:29   "Controller:\\app\\Controller\\UserController  action:index"
2017-07-07 10:37:04   "Controller:\\app\\Controller\\UserController  action:index"
2017-07-07 10:37:05   "Controller:\\app\\Controller\\UserController  action:index"
2017-07-07 10:37:17   "Controller:\\app\\Controller\\UserController  action:index"
2017-07-07 10:37:22   "Controller:\\app\\Controller\\GroupController  action:index"
2017-07-07 10:37:29   "Controller:\\app\\Controller\\GroupController  action:index"
2017-07-07 10:38:00   "Controller:\\app\\Controller\\GroupController  action:index"
2017-07-07 10:38:01   "Controller:\\app\\Controller\\GroupController  action:index"
2017-07-07 10:38:02   "Controller:\\app\\Controller\\GroupController  action:index"
2017-07-07 10:38:11   "Controller:\\app\\Controller\\UserController  action:index"
2017-07-07 10:38:13   "Controller:\\app\\Controller\\LinkController  action:skip"
2017-07-07 10:38:16   "Controller:\\app\\Controller\\LinkController  action:link"
2017-07-07 10:38:23   "Controller:\\app\\Controller\\GroupController  action:index"
2017-07-07 10:38:25   "Controller:\\app\\Controller\\UserController  action:index"
2017-07-07 10:38:29   "Controller:\\app\\Controller\\GroupController  action:index"
2017-07-07 10:38:35   "Controller:\\app\\Controller\\UserController  action:index"
2017-07-07 10:38:57   "Controller:\\app\\Controller\\UserController  action:index"
2017-07-07 10:41:13   "Controller:\\app\\Controller\\AddressController  action:index"
2017-07-07 10:41:15   "Controller:\\app\\Controller\\AddressController  action:index"
2017-07-07 10:46:09   "Controller:\\app\\Controller\\IndexController  action:index"
2017-07-07 10:46:14   "Controller:\\app\\Controller\\AddressController  action:index"
2017-07-07 10:46:35   "Controller:\\app\\Controller\\AddressController  action:index"
2017-07-07 10:46:37   "Controller:\\app\\Controller\\AddressController  action:index"
2017-07-07 10:46:39   "Controller:\\app\\Controller\\AddressController  action:index"
2017-07-07 10:49:33   "Controller:\\app\\Controller\\AddressController  action:index"
2017-07-07 10:52:29   "Controller:\\app\\Controller\\SectionController  action:index"
2017-07-07 10:52:30   "Controller:\\app\\Controller\\SectionController  action:index"
2017-07-07 10:52:34   "Controller:\\app\\Controller\\SectionController  action:index"
2017-07-07 10:52:36   "Controller:\\app\\Controller\\IndexController  action:index"
2017-07-07 10:52:38   "Controller:\\app\\Controller\\SectionController  action:index"
2017-07-07 10:52:40   "Controller:\\app\\Controller\\AddressController  action:index"
2017-07-07 10:52:41   "Controller:\\app\\Controller\\LinkController  action:link"
2017-07-07 10:52:42   "Controller:\\app\\Controller\\LinkController  action:skip"
2017-07-07 10:52:44   "Controller:\\app\\Controller\\UserController  action:index"
2017-07-07 10:52:44   "Controller:\\app\\Controller\\GroupController  action:index"
2017-07-07 10:52:45   "Controller:\\app\\Controller\\SectionController  action:index"
2017-07-07 10:53:07   "Controller:\\app\\Controller\\SectionController  action:index"
2017-07-07 10:53:11   "Controller:\\app\\Controller\\SectionController  action:index"
2017-07-07 10:53:12   "Controller:\\app\\Controller\\SectionController  action:index"
2017-07-07 10:53:13   "Controller:\\app\\Controller\\SectionController  action:index"
2017-07-07 10:54:09   "Controller:\\app\\Controller\\IndexController  action:index"
2017-07-07 10:54:13   "Controller:\\app\\Controller\\IndexController  action:index"
2017-07-07 10:54:14   "Controller:\\app\\Controller\\IndexController  action:index"
2017-07-07 10:54:14   "Controller:\\app\\Controller\\IndexController  action:index"
2017-07-07 10:54:14   "Controller:\\app\\Controller\\IndexController  action:index"
2017-07-07 10:54:14   "Controller:\\app\\Controller\\IndexController  action:index"
2017-07-07 10:54:15   "Controller:\\app\\Controller\\IndexController  action:index"
2017-07-07 10:54:43   "Controller:\\app\\Controller\\AddressController  action:index"
2017-07-07 10:54:44   "Controller:\\app\\Controller\\AddressController  action:index"
2017-07-07 10:54:44   "Controller:\\app\\Controller\\AddressController  action:index"
2017-07-07 10:54:44   "Controller:\\app\\Controller\\AddressController  action:index"
2017-07-07 10:54:45   "Controller:\\app\\Controller\\AddressController  action:index"
2017-07-07 10:54:45   "Controller:\\app\\Controller\\AddressController  action:index"
2017-07-07 10:54:46   "Controller:\\app\\Controller\\SectorController  action:index"
2017-07-07 10:54:47   "Controller:\\app\\Controller\\AddressController  action:index"
2017-07-07 10:54:48   "Controller:\\app\\Controller\\SectorController  action:index"
2017-07-07 10:54:49   "Controller:\\app\\Controller\\AddressController  action:index"
2017-07-07 10:54:50   "Controller:\\app\\Controller\\SectorController  action:index"
2017-07-07 10:54:52   "Controller:\\app\\Controller\\AddressController  action:index"
2017-07-07 11:16:31   "Controller:\\app\\Controller\\LoginController  action:index"
2017-07-07 11:17:05   "Controller:\\app\\Controller\\LoginController  action:index"
2017-07-07 11:17:07   "Controller:\\app\\Controller\\LoginController  action:index"
2017-07-07 11:17:07   "Controller:\\app\\Controller\\LoginController  action:index"
2017-07-07 11:17:08   "Controller:\\app\\Controller\\LoginController  action:index"
2017-07-07 11:17:08   "Controller:\\app\\Controller\\LoginController  action:index"
2017-07-07 11:17:09   "Controller:\\app\\Controller\\LoginController  action:index"
2017-07-07 11:17:22   "Controller:\\app\\Controller\\IndexController  action:index"
2017-07-07 11:17:24   "Controller:\\app\\Controller\\IndexController  action:index"
2017-07-07 11:17:29   "Controller:\\app\\Controller\\GroupController  action:index"
2017-07-07 11:17:36   "Controller:\\app\\Controller\\UserController  action:index"
2017-07-07 11:17:42   "Controller:\\app\\Controller\\UserController  action:index"
2017-07-07 11:17:45   "Controller:\\app\\Controller\\LinkController  action:skip"
2017-07-07 11:17:47   "Controller:\\app\\Controller\\LinkController  action:skip"
2017-07-07 11:17:51   "Controller:\\app\\Controller\\LinkController  action:link"
2017-07-07 11:18:10   "Controller:\\app\\Controller\\AddressController  action:index"
2017-07-07 11:18:15   "Controller:\\app\\Controller\\SectorController  action:index"
2017-07-07 11:18:41   "Controller:\\app\\Controller\\LinkController  action:link"
2017-07-07 11:21:47   "Controller:\\app\\Controller\\LinkController  action:skip"
2017-07-07 11:21:48   "Controller:\\app\\Controller\\LinkController  action:link"
2017-07-07 11:23:21   "Controller:\\app\\Controller\\LinkController  action:skip"
2017-07-07 11:23:26   "Controller:\\app\\Controller\\LinkController  action:link"
2017-07-07 11:24:12   "Controller:\\app\\Controller\\LinkController  action:link"
2017-07-07 11:24:44   "Controller:\\app\\Controller\\AddressController  action:index"
2017-07-07 11:24:44   "Controller:\\app\\Controller\\AddressController  action:index"
2017-07-07 11:24:46   "Controller:\\app\\Controller\\AddressController  action:index"
2017-07-07 11:25:38   "Controller:\\app\\Controller\\LinkController  action:link"
2017-07-07 11:25:39   "Controller:\\app\\Controller\\LinkController  action:link"
2017-07-07 11:25:40   "Controller:\\app\\Controller\\LinkController  action:link"
2017-07-07 11:25:41   "Controller:\\app\\Controller\\LinkController  action:link"
2017-07-07 11:26:19   "Controller:\\app\\Controller\\LinkController  action:linkEdit"
2017-07-07 11:26:20   "Controller:\\app\\Controller\\LinkController  action:linkEdit"
2017-07-07 11:26:20   "Controller:\\app\\Controller\\LinkController  action:linkEdit"
2017-07-07 11:26:20   "Controller:\\app\\Controller\\LinkController  action:linkEdit"
2017-07-07 11:26:22   "Controller:\\app\\Controller\\LinkController  action:linkEdit"
2017-07-07 11:27:18   "Controller:\\app\\Controller\\LinkController  action:linkEdit"
2017-07-07 11:27:19   "Controller:\\app\\Controller\\LinkController  action:linkEdit"
2017-07-07 11:27:20   "Controller:\\app\\Controller\\LinkController  action:linkEdit"
2017-07-07 11:28:08   "Controller:\\app\\Controller\\IndexController  action:index"
2017-07-07 11:28:17   "Controller:\\app\\Controller\\IndexController  action:index"
2017-07-07 11:28:22   "Controller:\\app\\Controller\\LinkController  action:linkEdit"
2017-07-07 11:28:26   "Controller:\\app\\Controller\\LinkController  action:linkEdit"
2017-07-07 11:28:56   "Controller:\\app\\Controller\\LinkController  action:linkEdit"
2017-07-07 11:28:58   "Controller:\\app\\Controller\\LinkController  action:linkEdit"
2017-07-07 11:28:59   "Controller:\\app\\Controller\\LinkController  action:linkEdit"
2017-07-07 11:30:29   "Controller:\\app\\Controller\\LinkController  action:linkEdit"
2017-07-07 11:30:31   "Controller:\\app\\Controller\\LinkController  action:linkEdit"
2017-07-07 11:30:31   "Controller:\\app\\Controller\\LinkController  action:linkEdit"
2017-07-07 11:30:35   "Controller:\\app\\Controller\\LinkController  action:skip"
2017-07-07 11:30:36   "Controller:\\app\\Controller\\LinkController  action:link"
2017-07-07 11:30:38   "Controller:\\app\\Controller\\LinkController  action:linkEdit"
2017-07-07 11:37:57   "Controller:\\app\\Controller\\LinkController  action:linkEdit"
2017-07-07 11:38:00   "Controller:\\app\\Controller\\LinkController  action:linkEdit"
2017-07-07 11:38:01   "Controller:\\app\\Controller\\LinkController  action:linkEdit"
2017-07-07 11:38:09   "Controller:\\app\\Controller\\GroupController  action:index"
2017-07-07 11:38:10   "Controller:\\app\\Controller\\UserController  action:index"
2017-07-07 11:38:12   "Controller:\\app\\Controller\\LinkController  action:skip"
2017-07-07 11:38:13   "Controller:\\app\\Controller\\AddressController  action:index"
2017-07-07 11:38:14   "Controller:\\app\\Controller\\SectorController  action:index"
2017-07-07 11:38:14   "Controller:\\app\\Controller\\LinkController  action:link"
2017-07-07 11:38:23   "Controller:\\app\\Controller\\LoginController  action:index"
2017-07-07 11:38:24   "Controller:\\app\\Controller\\LoginController  action:index"
2017-07-07 11:39:18   "Controller:\\app\\Controller\\LoginController  action:index"
2017-07-07 11:39:19   "Controller:\\app\\Controller\\LoginController  action:index"
2017-07-07 11:39:22   "Controller:\\app\\Controller\\LoginController  action:index"
2017-07-07 11:39:37   "Controller:\\app\\Controller\\LoginController  action:index"
2017-07-07 11:39:37   "Controller:\\app\\Controller\\LoginController  action:index"
2017-07-07 11:39:38   "Controller:\\app\\Controller\\LoginController  action:index"
2017-07-07 11:40:21   "Controller:\\app\\Controller\\LoginController  action:index"
2017-07-07 11:41:21   "Controller:\\app\\Controller\\LoginController  action:index"
2017-07-07 11:41:23   "Controller:\\app\\Controller\\LoginController  action:index"
2017-07-07 11:41:24   "Controller:\\app\\Controller\\LoginController  action:index"
2017-07-07 11:41:28   "Controller:\\app\\Controller\\LoginController  action:index"
2017-07-07 11:41:57   "Controller:\\app\\Controller\\LoginController  action:index"
2017-07-07 11:41:57   "Controller:\\app\\Controller\\LoginController  action:index"
2017-07-07 11:41:58   "Controller:\\app\\Controller\\LoginController  action:index"
2017-07-07 11:41:58   "Controller:\\app\\Controller\\LoginController  action:index"
2017-07-07 11:41:59   "Controller:\\app\\Controller\\LoginController  action:index"
2017-07-07 11:42:30   "Controller:\\app\\Controller\\LoginController  action:index"
2017-07-07 11:42:30   "Controller:\\app\\Controller\\LoginController  action:index"
2017-07-07 11:42:31   "Controller:\\app\\Controller\\LoginController  action:index"
2017-07-07 11:42:31   "Controller:\\app\\Controller\\LoginController  action:index"
2017-07-07 11:42:31   "Controller:\\app\\Controller\\LoginController  action:index"
2017-07-07 11:42:56   "Controller:\\app\\Controller\\LoginController  action:index"
2017-07-07 11:50:30   "Controller:\\app\\Controller\\LinkController  action:linkEdit"
2017-07-07 11:50:35   "Controller:\\app\\Controller\\AddressController  action:index"
2017-07-07 11:50:39   "Controller:\\app\\Controller\\SectorController  action:index"
2017-07-07 11:50:44   "Controller:\\app\\Controller\\GroupController  action:index"
2017-07-07 11:50:45   "Controller:\\app\\Controller\\UserController  action:index"
2017-07-07 11:50:46   "Controller:\\app\\Controller\\LinkController  action:skip"
2017-07-07 11:50:47   "Controller:\\app\\Controller\\LinkController  action:link"
2017-07-07 11:50:48   "Controller:\\app\\Controller\\AddressController  action:index"
2017-07-07 11:50:48   "Controller:\\app\\Controller\\SectorController  action:index"
2017-07-07 11:51:07   "Controller:\\app\\Controller\\IndexController  action:index"
2017-07-07 11:51:07   "Controller:\\app\\Controller\\IndexController  action:index"
2017-07-07 11:51:18   "Controller:\\app\\Controller\\GroupController  action:index"
2017-07-07 11:51:28   "Controller:\\app\\Controller\\UserController  action:index"
2017-07-07 11:52:10   "Controller:\\app\\Controller\\LinkController  action:skip"
2017-07-07 11:52:30   "Controller:\\app\\Controller\\LinkController  action:link"
2017-07-07 11:52:36   "Controller:\\app\\Controller\\AddressController  action:index"
2017-07-07 11:52:39   "Controller:\\app\\Controller\\SectorController  action:index"
2017-07-07 11:52:42   "Controller:\\app\\Controller\\LinkController  action:link"
2017-07-07 11:52:49   "Controller:\\app\\Controller\\LinkController  action:skip"
2017-07-07 11:52:54   "Controller:\\app\\Controller\\UserController  action:index"
2017-07-07 11:56:52   "Controller:\\app\\Controller\\UserController  action:index"
2017-07-07 11:57:58   "Controller:\\app\\Controller\\UserController  action:index"
2017-07-07 11:58:04   "Controller:\\app\\Controller\\LinkController  action:skip"
2017-07-07 11:58:06   "Controller:\\app\\Controller\\GroupController  action:index"
2017-07-07 11:58:22   "Controller:\\app\\Controller\\UserController  action:index"
2017-07-07 11:58:28   "Controller:\\app\\Controller\\LinkController  action:link"
2017-07-07 11:58:31   "Controller:\\app\\Controller\\LinkController  action:skip"
2017-07-07 11:58:34   "Controller:\\app\\Controller\\AddressController  action:index"
2017-07-07 11:58:36   "Controller:\\app\\Controller\\SectorController  action:index"
2017-07-07 13:24:43   "Controller:\\app\\Controller\\SectorController  action:index"
2017-07-07 13:24:44   "Controller:\\app\\Controller\\SectorController  action:index"
2017-07-07 13:24:48   "Controller:\\app\\Controller\\SectorController  action:index"
2017-07-07 13:24:59   "Controller:\\app\\Controller\\SectorController  action:index"
2017-07-07 13:25:13   "Controller:\\app\\Controller\\AddressController  action:index"
2017-07-07 13:25:25   "Controller:\\app\\Controller\\LinkController  action:link"
2017-07-07 13:25:33   "Controller:\\app\\Controller\\LinkController  action:skip"
2017-07-07 13:25:37   "Controller:\\app\\Controller\\UserController  action:index"
2017-07-07 13:25:40   "Controller:\\app\\Controller\\GroupController  action:index"
2017-07-07 13:25:44   "Controller:\\app\\Controller\\UserController  action:index"
2017-07-07 13:25:47   "Controller:\\app\\Controller\\LinkController  action:skip"
2017-07-07 13:29:21   "Controller:\\app\\Controller\\LinkController  action:skip"
2017-07-07 13:29:22   "Controller:\\app\\Controller\\LinkController  action:skip"
2017-07-07 13:30:35   "Controller:\\app\\Controller\\LinkController  action:skip"
2017-07-07 13:30:48   "Controller:\\app\\Controller\\LinkController  action:skip"
2017-07-07 13:32:04   "Controller:\\app\\Controller\\LinkController  action:link"
2017-07-07 13:33:26   "Controller:\\app\\Controller\\LinkController  action:link"
2017-07-07 13:33:26   "Controller:\\app\\Controller\\LinkController  action:link"
2017-07-07 13:33:27   "Controller:\\app\\Controller\\LinkController  action:link"
2017-07-07 13:33:31   "Controller:\\app\\Controller\\LinkController  action:skip"
2017-07-07 13:33:44   "Controller:\\app\\Controller\\LinkController  action:link"
2017-07-07 13:36:05   "Controller:\\app\\Controller\\LinkController  action:link"
2017-07-07 13:41:56   "Controller:\\app\\Controller\\LinkController  action:link"
2017-07-07 13:42:24   "Controller:\\app\\Controller\\LinkController  action:link"
2017-07-07 13:42:24   "Controller:\\app\\Controller\\LinkController  action:link"
2017-07-07 13:42:24   "Controller:\\app\\Controller\\LinkController  action:link"
2017-07-07 13:42:33   "Controller:\\app\\Controller\\LinkController  action:link"
2017-07-07 13:42:54   "Controller:\\app\\Controller\\LinkController  action:link"
2017-07-07 13:44:02   "Controller:\\app\\Controller\\IndexController  action:index"
2017-07-07 13:44:04   "Controller:\\app\\Controller\\IndexController  action:index"
2017-07-07 13:44:06   "Controller:\\app\\Controller\\IndexController  action:index"
2017-07-07 13:44:14   "Controller:\\app\\Controller\\IndexController  action:index"
2017-07-07 13:44:15   "Controller:\\app\\Controller\\IndexController  action:index"
2017-07-07 13:44:21   "Controller:\\app\\Controller\\GroupController  action:index"
2017-07-07 13:44:24   "Controller:\\app\\Controller\\UserController  action:index"
2017-07-07 13:44:28   "Controller:\\app\\Controller\\LinkController  action:skip"
2017-07-07 13:44:31   "Controller:\\app\\Controller\\LinkController  action:link"
2017-07-07 13:44:35   "Controller:\\app\\Controller\\AddressController  action:index"
2017-07-07 13:44:38   "Controller:\\app\\Controller\\SectorController  action:index"
2017-07-07 13:44:43   "Controller:\\app\\Controller\\AddressController  action:index"
2017-07-07 13:44:47   "Controller:\\app\\Controller\\LinkController  action:link"
2017-07-07 13:44:49   "Controller:\\app\\Controller\\LinkController  action:skip"
2017-07-07 14:06:46   "Controller:\\app\\Controller\\SectorController  action:index"
2017-07-07 14:06:48   "Controller:\\app\\Controller\\LinkController  action:skip"
2017-07-07 14:06:49   "Controller:\\app\\Controller\\LinkController  action:skip"
2017-07-07 14:06:49   "Controller:\\app\\Controller\\LinkController  action:skip"
2017-07-07 14:08:14   "Controller:\\app\\Controller\\LinkController  action:skip"
2017-07-07 14:08:19   "Controller:\\app\\Controller\\LinkController  action:skip"
2017-07-07 14:09:58   "Controller:\\app\\Controller\\LinkController  action:skip"
2017-07-07 14:10:36   "Controller:\\app\\Controller\\LinkController  action:skip"
2017-07-07 14:10:42   "Controller:\\app\\Controller\\LinkController  action:skip"
2017-07-07 14:10:52   "Controller:\\app\\Controller\\GroupController  action:index"
2017-07-07 14:10:53   "Controller:\\app\\Controller\\UserController  action:index"
2017-07-07 14:10:54   "Controller:\\app\\Controller\\LinkController  action:skip"
2017-07-07 14:10:56   "Controller:\\app\\Controller\\LinkController  action:link"
2017-07-07 14:10:57   "Controller:\\app\\Controller\\AddressController  action:index"
2017-07-07 14:10:58   "Controller:\\app\\Controller\\SectorController  action:index"
2017-07-07 14:11:11   "Controller:\\app\\Controller\\UserController  action:index"
2017-07-07 14:11:14   "Controller:\\app\\Controller\\LinkController  action:skip"
2017-07-07 14:11:17   "Controller:\\app\\Controller\\LinkController  action:link"
2017-07-07 14:11:19   "Controller:\\app\\Controller\\AddressController  action:index"
2017-07-07 14:11:22   "Controller:\\app\\Controller\\SectorController  action:index"
2017-07-07 14:25:04   "Controller:\\app\\Controller\\SectorController  action:index"
2017-07-07 14:26:39   "Controller:\\app\\Controller\\IndexController  action:index"
2017-07-07 14:26:41   "Controller:\\app\\Controller\\GroupController  action:index"
2017-07-07 14:26:42   "Controller:\\app\\Controller\\UserController  action:index"
2017-07-07 14:26:43   "Controller:\\app\\Controller\\LinkController  action:skip"
2017-07-07 14:34:19   "Controller:\\app\\Controller\\LinkController  action:skip"
2017-07-07 14:34:19   "Controller:\\app\\Controller\\LinkController  action:skip"
2017-07-07 14:35:48   "Controller:\\app\\Controller\\GroupController  action:index"
2017-07-07 14:35:49   "Controller:\\app\\Controller\\UserController  action:index"
2017-07-07 14:35:50   "Controller:\\app\\Controller\\LinkController  action:skip"
2017-07-07 14:35:55   "Controller:\\app\\Controller\\LinkController  action:link"
2017-07-07 14:35:56   "Controller:\\app\\Controller\\AddressController  action:index"
2017-07-07 14:35:57   "Controller:\\app\\Controller\\SectorController  action:index"
2017-07-07 14:36:00   "Controller:\\app\\Controller\\AddressController  action:index"
2017-07-07 14:36:04   "Controller:\\app\\Controller\\SectorController  action:index"
2017-07-07 14:36:06   "Controller:\\app\\Controller\\AddressController  action:index"
2017-07-07 14:36:09   "Controller:\\app\\Controller\\LinkController  action:link"
2017-07-07 14:36:12   "Controller:\\app\\Controller\\LinkController  action:skip"
2017-07-07 14:36:13   "Controller:\\app\\Controller\\UserController  action:index"
2017-07-07 14:36:15   "Controller:\\app\\Controller\\GroupController  action:index"
2017-07-07 14:36:17   "Controller:\\app\\Controller\\UserController  action:index"
2017-07-07 14:36:18   "Controller:\\app\\Controller\\LinkController  action:skip"
2017-07-07 14:36:23   "Controller:\\app\\Controller\\LinkController  action:link"
2017-07-07 14:36:24   "Controller:\\app\\Controller\\AddressController  action:index"
2017-07-07 14:44:41   "Controller:\\app\\Controller\\GroupController  action:index"
2017-07-07 14:44:43   "Controller:\\app\\Controller\\UserController  action:index"
2017-07-07 14:44:47   "Controller:\\app\\Controller\\LinkController  action:skip"
2017-07-07 14:44:52   "Controller:\\app\\Controller\\LinkController  action:link"
2017-07-07 14:45:32   "Controller:\\app\\Controller\\LinkController  action:skip"
2017-07-07 14:45:58   "Controller:\\app\\Controller\\LinkController  action:link"
2017-07-07 14:46:52   "Controller:\\app\\Controller\\LinkController  action:skip"
2017-07-07 14:47:08   "Controller:\\app\\Controller\\LinkController  action:link"
2017-07-07 14:47:10   "Controller:\\app\\Controller\\LinkController  action:skip"
2017-07-07 14:47:38   "Controller:\\app\\Controller\\GroupController  action:index"
2017-07-07 14:47:39   "Controller:\\app\\Controller\\UserController  action:index"
2017-07-07 14:47:41   "Controller:\\app\\Controller\\LinkController  action:skip"
2017-07-07 14:47:42   "Controller:\\app\\Controller\\LinkController  action:link"
2017-07-07 14:47:43   "Controller:\\app\\Controller\\AddressController  action:index"
2017-07-07 14:47:49   "Controller:\\app\\Controller\\SectorController  action:index"
2017-07-07 14:47:52   "Controller:\\app\\Controller\\AddressController  action:index"
2017-07-07 14:47:53   "Controller:\\app\\Controller\\LinkController  action:link"
2017-07-07 14:48:05   "Controller:\\app\\Controller\\LinkController  action:skip"
2017-07-07 14:48:06   "Controller:\\app\\Controller\\LinkController  action:link"
2017-07-07 14:49:28   "Controller:\\app\\Controller\\LinkController  action:link"
2017-07-07 14:49:29   "Controller:\\app\\Controller\\LinkController  action:link"
2017-07-07 14:49:30   "Controller:\\app\\Controller\\LinkController  action:link"
2017-07-07 14:49:30   "Controller:\\app\\Controller\\LinkController  action:link"
2017-07-07 14:49:32   "Controller:\\app\\Controller\\LinkController  action:skip"
2017-07-07 14:49:57   "Controller:\\app\\Controller\\LinkController  action:link"
2017-07-07 14:49:59   "Controller:\\app\\Controller\\LinkController  action:linkEdit"
2017-07-07 14:50:13   "Controller:\\app\\Controller\\LinkController  action:link"
2017-07-07 14:50:21   "Controller:\\app\\Controller\\LinkController  action:skip"
2017-07-07 14:50:23   "Controller:\\app\\Controller\\LinkController  action:link"
2017-07-07 14:50:30   "Controller:\\app\\Controller\\LinkController  action:linkEdit"
2017-07-07 14:50:33   "Controller:\\app\\Controller\\LinkController  action:link"
2017-07-07 14:51:06   "Controller:\\app\\Controller\\LinkController  action:link"
2017-07-07 14:51:07   "Controller:\\app\\Controller\\LinkController  action:link"
2017-07-07 14:51:09   "Controller:\\app\\Controller\\LinkController  action:skip"
2017-07-07 14:51:10   "Controller:\\app\\Controller\\LinkController  action:link"
2017-07-07 14:51:11   "Controller:\\app\\Controller\\LinkController  action:skip"
2017-07-07 14:51:11   "Controller:\\app\\Controller\\LinkController  action:link"
2017-07-07 14:51:17   "Controller:\\app\\Controller\\LinkController  action:skip"
2017-07-07 14:51:18   "Controller:\\app\\Controller\\LinkController  action:link"
2017-07-07 14:51:31   "Controller:\\app\\Controller\\LinkController  action:linkEdit"
2017-07-07 14:52:57   "Controller:\\app\\Controller\\LinkController  action:linkEdit"
2017-07-07 14:53:13   "Controller:\\app\\Controller\\LinkController  action:linkEdit"
2017-07-07 14:54:57   "Controller:\\app\\Controller\\LinkController  action:linkEdit"
2017-07-07 14:54:58   "Controller:\\app\\Controller\\LinkController  action:linkEdit"
2017-07-07 14:54:58   "Controller:\\app\\Controller\\LinkController  action:linkEdit"
2017-07-07 14:54:58   "Controller:\\app\\Controller\\LinkController  action:linkEdit"
2017-07-07 14:54:59   "Controller:\\app\\Controller\\LinkController  action:linkEdit"
2017-07-07 14:57:17   "Controller:\\app\\Controller\\LinkController  action:linkEdit"
2017-07-07 14:57:59   "Controller:\\app\\Controller\\LinkController  action:linkEdit"
2017-07-07 14:58:00   "Controller:\\app\\Controller\\LinkController  action:linkEdit"
2017-07-07 14:58:00   "Controller:\\app\\Controller\\LinkController  action:linkEdit"
2017-07-07 14:58:35   "Controller:\\app\\Controller\\LinkController  action:linkEdit"
2017-07-07 14:59:25   "Controller:\\app\\Controller\\LinkController  action:linkEdit"
2017-07-07 15:00:17   "Controller:\\app\\Controller\\AddressController  action:index"
2017-07-07 15:00:17   "Controller:\\app\\Controller\\AddressController  action:index"
2017-07-07 15:00:18   "Controller:\\app\\Controller\\AddressController  action:index"
2017-07-07 15:00:34   "Controller:\\app\\Controller\\SectorController  action:index"
2017-07-07 15:04:34   "Controller:\\app\\Controller\\LinkController  action:linkEdit"
2017-07-07 15:31:36   "Controller:\\app\\Controller\\LinkController  action:linkEdit"
2017-07-07 15:31:37   "Controller:\\app\\Controller\\LinkController  action:linkEdit"
2017-07-07 16:33:58   "Controller:\\app\\Controller\\GroupController  action:index"
2017-07-07 16:33:59   "Controller:\\app\\Controller\\UserController  action:index"
2017-07-07 16:34:00   "Controller:\\app\\Controller\\UserController  action:index"
2017-07-07 16:34:01   "Controller:\\app\\Controller\\UserController  action:index"
2017-07-07 16:34:01   "Controller:\\app\\Controller\\UserController  action:index"
2017-07-07 16:34:02   "Controller:\\app\\Controller\\LoginController  action:index"
2017-07-07 16:34:03   "Controller:\\app\\Controller\\LoginController  action:index"
2017-07-07 16:34:04   "Controller:\\app\\Controller\\LoginController  action:index"
2017-07-07 16:34:04   "Controller:\\app\\Controller\\LoginController  action:index"
2017-07-07 16:34:04   "Controller:\\app\\Controller\\LoginController  action:index"
2017-07-07 16:34:37   "Controller:\\app\\Controller\\LoginController  action:index"
2017-07-07 16:34:54   "Controller:\\app\\Controller\\LoginController  action:index"
2017-07-07 16:35:03   "Controller:\\app\\Controller\\LinkController  action:skip"
2017-07-07 16:35:04   "Controller:\\app\\Controller\\LinkController  action:link"
2017-07-07 16:35:05   "Controller:\\app\\Controller\\AddressController  action:index"
2017-07-07 16:35:06   "Controller:\\app\\Controller\\SectorController  action:index"
2017-07-07 16:35:08   "Controller:\\app\\Controller\\AddressController  action:index"
2017-07-07 16:35:13   "Controller:\\app\\Controller\\LinkController  action:link"
2017-07-07 16:35:15   "Controller:\\app\\Controller\\LinkController  action:skip"
2017-07-07 16:35:16   "Controller:\\app\\Controller\\SectorController  action:index"
2017-07-07 16:35:20   "Controller:\\app\\Controller\\LinkController  action:link"
2017-07-07 16:35:22   "Controller:\\app\\Controller\\UserController  action:index"
2017-07-07 16:35:23   "Controller:\\app\\Controller\\GroupController  action:index"
2017-07-07 16:35:24   "Controller:\\app\\Controller\\LinkController  action:link"
2017-07-07 16:35:25   "Controller:\\app\\Controller\\LinkController  action:skip"
2017-07-07 16:35:27   "Controller:\\app\\Controller\\UserController  action:index"
2017-07-07 16:35:27   "Controller:\\app\\Controller\\GroupController  action:index"
2017-07-07 16:35:28   "Controller:\\app\\Controller\\SectorController  action:index"
2017-07-07 16:35:40   "Controller:\\app\\Controller\\SectorController  action:index"
2017-07-07 16:48:42   "Controller:\\app\\Controller\\SectorController  action:index"
2017-07-07 16:50:59   "Controller:\\app\\Controller\\SectorController  action:index"
2017-07-07 16:53:22   "Controller:\\app\\Controller\\SectorController  action:index"
2017-07-07 16:54:10   "Controller:\\app\\Controller\\SectorController  action:index"
2017-07-07 16:54:11   "Controller:\\app\\Controller\\SectorController  action:index"
2017-07-07 16:54:18   "Controller:\\app\\Controller\\SectorController  action:index"
2017-07-07 16:54:40   "Controller:\\app\\Controller\\SectorController  action:index"
2017-07-07 16:56:31   "Controller:\\app\\Controller\\SectorController  action:index"
2017-07-07 16:56:32   "Controller:\\app\\Controller\\SectorController  action:index"
2017-07-07 16:56:32   "Controller:\\app\\Controller\\SectorController  action:index"
2017-07-07 16:56:32   "Controller:\\app\\Controller\\SectorController  action:index"
2017-07-07 16:56:32   "Controller:\\app\\Controller\\SectorController  action:index"
2017-07-07 16:57:03   "Controller:\\app\\Controller\\SectorController  action:index"
2017-07-07 16:57:03   "Controller:\\app\\Controller\\SectorController  action:index"
2017-07-07 16:57:04   "Controller:\\app\\Controller\\SectorController  action:index"
2017-07-07 16:57:05   "Controller:\\app\\Controller\\SectorController  action:index"
2017-07-07 16:57:29   "Controller:\\app\\Controller\\SectorController  action:index"
2017-07-07 16:57:30   "Controller:\\app\\Controller\\SectorController  action:index"
2017-07-07 16:57:30   "Controller:\\app\\Controller\\SectorController  action:index"
2017-07-07 16:57:30   "Controller:\\app\\Controller\\SectorController  action:index"
2017-07-07 16:59:54   "Controller:\\app\\Controller\\LinkController  action:link"
2017-07-07 16:59:54   "Controller:\\app\\Controller\\LinkController  action:link"
2017-07-07 16:59:55   "Controller:\\app\\Controller\\LinkController  action:link"
2017-07-07 17:02:32   "Controller:\\app\\Controller\\LinkController  action:link"
2017-07-07 17:02:58   "Controller:\\app\\Controller\\LinkController  action:link"
2017-07-07 17:02:59   "Controller:\\app\\Controller\\LinkController  action:link"
2017-07-07 17:02:59   "Controller:\\app\\Controller\\LinkController  action:link"
2017-07-07 17:03:01   "Controller:\\app\\Controller\\LinkController  action:link"
2017-07-07 17:04:57   "Controller:\\app\\Controller\\LinkController  action:link"
2017-07-07 17:07:10   "Controller:\\app\\Controller\\LinkController  action:link"
2017-07-07 17:07:14   "Controller:\\app\\Controller\\LinkController  action:link"
2017-07-07 17:08:25   "Controller:\\app\\Controller\\LinkController  action:link"
2017-07-07 17:08:39   "Controller:\\app\\Controller\\GroupController  action:index"
2017-07-07 17:08:40   "Controller:\\app\\Controller\\GroupController  action:index"
2017-07-07 17:09:02   "Controller:\\app\\Controller\\LinkController  action:link"
2017-07-07 17:09:03   "Controller:\\app\\Controller\\LinkController  action:link"
2017-07-07 17:09:03   "Controller:\\app\\Controller\\LinkController  action:link"
2017-07-07 17:09:03   "Controller:\\app\\Controller\\LinkController  action:link"
2017-07-07 17:09:03   "Controller:\\app\\Controller\\LinkController  action:link"
2017-07-07 17:09:04   "Controller:\\app\\Controller\\LinkController  action:link"
2017-07-07 17:11:24   "Controller:\\app\\Controller\\LinkController  action:link"
2017-07-07 17:11:24   "Controller:\\app\\Controller\\LinkController  action:link"
2017-07-07 17:11:25   "Controller:\\app\\Controller\\LinkController  action:link"
2017-07-07 17:11:25   "Controller:\\app\\Controller\\LinkController  action:link"
2017-07-07 17:11:26   "Controller:\\app\\Controller\\LinkController  action:link"
2017-07-07 17:11:26   "Controller:\\app\\Controller\\LinkController  action:link"
2017-07-07 17:12:00   "Controller:\\app\\Controller\\LinkController  action:link"
2017-07-07 17:12:18   "Controller:\\app\\Controller\\LinkController  action:link"
2017-07-07 17:12:19   "Controller:\\app\\Controller\\LinkController  action:link"
2017-07-07 17:12:19   "Controller:\\app\\Controller\\LinkController  action:link"
2017-07-07 17:12:19   "Controller:\\app\\Controller\\LinkController  action:link"
2017-07-07 17:12:19   "Controller:\\app\\Controller\\LinkController  action:link"
2017-07-07 17:12:19   "Controller:\\app\\Controller\\LinkController  action:link"
2017-07-07 17:12:20   "Controller:\\app\\Controller\\LinkController  action:link"
2017-07-07 17:12:20   "Controller:\\app\\Controller\\LinkController  action:link"
2017-07-07 17:14:05   "Controller:\\app\\Controller\\LinkController  action:link"
2017-07-07 17:14:06   "Controller:\\app\\Controller\\LinkController  action:link"
2017-07-07 17:14:25   "Controller:\\app\\Controller\\LinkController  action:skip"
2017-07-07 17:14:25   "Controller:\\app\\Controller\\LinkController  action:skip"
2017-07-07 17:14:27   "Controller:\\app\\Controller\\LinkController  action:skip"
2017-07-07 17:14:28   "Controller:\\app\\Controller\\LinkController  action:skip"
2017-07-07 17:14:29   "Controller:\\app\\Controller\\LinkController  action:skip"
2017-07-07 17:14:30   "Controller:\\app\\Controller\\LinkController  action:skip"
2017-07-07 17:14:30   "Controller:\\app\\Controller\\LinkController  action:skip"
2017-07-07 17:14:30   "Controller:\\app\\Controller\\LinkController  action:skip"
2017-07-07 17:14:30   "Controller:\\app\\Controller\\LinkController  action:skip"
2017-07-07 17:14:31   "Controller:\\app\\Controller\\LinkController  action:skip"
2017-07-07 17:14:31   "Controller:\\app\\Controller\\LinkController  action:skip"
2017-07-07 17:14:31   "Controller:\\app\\Controller\\LinkController  action:skip"
2017-07-07 17:14:32   "Controller:\\app\\Controller\\LinkController  action:skip"
2017-07-07 17:14:34   "Controller:\\app\\Controller\\LinkController  action:skip"
2017-07-07 17:14:44   "Controller:\\app\\Controller\\LinkController  action:skip"
2017-07-07 17:14:45   "Controller:\\app\\Controller\\LinkController  action:skip"
2017-07-07 17:16:17   "Controller:\\app\\Controller\\SectorController  action:index"
2017-07-07 17:16:17   "Controller:\\app\\Controller\\SectorController  action:index"
2017-07-07 17:16:17   "Controller:\\app\\Controller\\SectorController  action:index"
2017-07-07 17:16:18   "Controller:\\app\\Controller\\SectorController  action:index"
2017-07-07 17:16:34   "Controller:\\app\\Controller\\AddressController  action:index"
2017-07-07 17:16:34   "Controller:\\app\\Controller\\AddressController  action:index"
2017-07-07 17:16:35   "Controller:\\app\\Controller\\AddressController  action:index"
2017-07-07 17:16:35   "Controller:\\app\\Controller\\AddressController  action:index"
2017-07-07 17:17:15   "Controller:\\app\\Controller\\LinkController  action:link"
2017-07-07 17:17:15   "Controller:\\app\\Controller\\LinkController  action:link"
2017-07-07 17:18:00   "Controller:\\app\\Controller\\AddressController  action:index"
2017-07-07 17:18:00   "Controller:\\app\\Controller\\AddressController  action:index"
2017-07-07 17:18:01   "Controller:\\app\\Controller\\AddressController  action:index"
2017-07-07 17:19:27   "Controller:\\app\\Controller\\SectorController  action:index"
2017-07-07 17:19:28   "Controller:\\app\\Controller\\SectorController  action:index"
2017-07-07 17:19:45   "Controller:\\app\\Controller\\SectorController  action:index"
2017-07-07 17:20:07   "Controller:\\app\\Controller\\SectorController  action:index"
2017-07-07 17:22:39   "Controller:\\app\\Controller\\SectorController  action:index"
2017-07-07 17:22:40   "Controller:\\app\\Controller\\SectorController  action:index"
2017-07-07 17:22:41   "Controller:\\app\\Controller\\SectorController  action:index"
2017-07-07 17:25:16   "Controller:\\app\\Controller\\SectorController  action:index"
2017-07-07 17:25:41   "Controller:\\app\\Controller\\SectorController  action:index"
2017-07-07 17:25:59   "Controller:\\app\\Controller\\SectorController  action:index"
2017-07-07 17:26:31   "Controller:\\app\\Controller\\AddressController  action:index"
2017-07-07 17:26:31   "Controller:\\app\\Controller\\AddressController  action:index"
2017-07-07 17:27:28   "Controller:\\app\\Controller\\LinkController  action:link"
2017-07-07 17:27:28   "Controller:\\app\\Controller\\LinkController  action:link"
2017-07-07 17:27:36   "Controller:\\app\\Controller\\LinkController  action:link"
2017-07-07 17:27:37   "Controller:\\app\\Controller\\LinkController  action:link"
2017-07-07 17:27:37   "Controller:\\app\\Controller\\LinkController  action:link"
2017-07-07 17:36:04   "Controller:\\app\\Controller\\GroupController  action:index"
2017-07-07 17:36:06   "Controller:\\app\\Controller\\UserController  action:index"
2017-07-07 17:36:08   "Controller:\\app\\Controller\\LinkController  action:skip"
2017-07-07 17:36:10   "Controller:\\app\\Controller\\LinkController  action:link"
2017-07-07 17:36:12   "Controller:\\app\\Controller\\AddressController  action:index"
2017-07-07 17:36:15   "Controller:\\app\\Controller\\SectorController  action:index"
2017-07-07 17:36:18   "Controller:\\app\\Controller\\GroupController  action:index"
2017-07-07 17:37:05   "Controller:\\app\\Controller\\UserController  action:index"
2017-07-07 17:37:07   "Controller:\\app\\Controller\\LinkController  action:link"
2017-07-07 17:37:10   "Controller:\\app\\Controller\\AddressController  action:index"
2017-07-07 17:37:13   "Controller:\\app\\Controller\\SectorController  action:index"
2017-07-07 17:37:16   "Controller:\\app\\Controller\\GroupController  action:index"
2017-07-07 17:37:24   "Controller:\\app\\Controller\\UserController  action:index"
2017-07-07 17:37:42   "Controller:\\app\\Controller\\LinkController  action:link"
2017-07-07 17:37:43   "Controller:\\app\\Controller\\AddressController  action:index"
2017-07-07 17:37:44   "Controller:\\app\\Controller\\LinkController  action:skip"
2017-07-07 17:37:46   "Controller:\\app\\Controller\\AddressController  action:index"
2017-07-07 17:37:47   "Controller:\\app\\Controller\\AddressController  action:index"
2017-07-07 17:37:55   "Controller:\\app\\Controller\\GroupController  action:index"
2017-07-07 17:37:56   "Controller:\\app\\Controller\\GroupController  action:index"
2017-07-07 17:37:57   "Controller:\\app\\Controller\\GroupController  action:index"
2017-07-07 17:37:58   "Controller:\\app\\Controller\\GroupController  action:index"
2017-07-07 17:37:59   "Controller:\\app\\Controller\\GroupController  action:index"
2017-07-07 17:38:00   "Controller:\\app\\Controller\\LinkController  action:skip"
2017-07-07 17:38:01   "Controller:\\app\\Controller\\GroupController  action:index"
2017-07-07 17:38:02   "Controller:\\app\\Controller\\GroupController  action:index"
2017-07-07 17:39:56   "Controller:\\app\\Controller\\GroupController  action:index"
2017-07-07 17:39:57   "Controller:\\app\\Controller\\GroupController  action:index"
2017-07-07 17:40:41   "Controller:\\app\\Controller\\GroupController  action:index"
2017-07-07 17:40:50   "Controller:\\app\\Controller\\UserController  action:index"
2017-07-07 17:40:52   "Controller:\\app\\Controller\\LinkController  action:skip"
2017-07-07 17:40:54   "Controller:\\app\\Controller\\LinkController  action:link"
2017-07-07 17:41:33   "Controller:\\app\\Controller\\LinkController  action:link"
2017-07-07 17:41:34   "Controller:\\app\\Controller\\LinkController  action:link"
2017-07-07 17:41:34   "Controller:\\app\\Controller\\LinkController  action:link"
2017-07-07 17:41:41   "Controller:\\app\\Controller\\LinkController  action:skip"
2017-07-07 17:41:43   "Controller:\\app\\Controller\\GroupController  action:index"
2017-07-07 17:42:06   "Controller:\\app\\Controller\\GroupController  action:index"
2017-07-07 17:42:07   "Controller:\\app\\Controller\\GroupController  action:index"
2017-07-07 17:42:13   "Controller:\\app\\Controller\\UserController  action:index"
2017-07-07 17:42:18   "Controller:\\app\\Controller\\UserController  action:index"
2017-07-07 17:42:21   "Controller:\\app\\Controller\\GroupController  action:index"
2017-07-07 17:42:25   "Controller:\\app\\Controller\\LinkController  action:skip"
2017-07-07 17:42:39   "Controller:\\app\\Controller\\LinkController  action:link"
2017-07-07 17:42:42   "Controller:\\app\\Controller\\LinkController  action:linkEdit"
2017-07-07 17:43:24   "Controller:\\app\\Controller\\LinkController  action:linkEdit"
2017-07-07 17:43:24   "Controller:\\app\\Controller\\LinkController  action:linkEdit"
2017-07-07 17:43:29   "Controller:\\app\\Controller\\AddressController  action:index"
2017-07-07 17:43:37   "Controller:\\app\\Controller\\SectorController  action:index"
2017-07-07 17:44:39   "Controller:\\app\\Controller\\SectorController  action:index"
2017-07-07 17:44:40   "Controller:\\app\\Controller\\SectorController  action:index"
2017-07-07 17:44:40   "Controller:\\app\\Controller\\SectorController  action:index"
2017-07-07 17:45:38   "Controller:\\app\\Controller\\SectorController  action:index"
2017-07-07 17:46:02   "Controller:\\app\\Controller\\SectorController  action:index"
2017-07-07 17:47:06   "Controller:\\app\\Controller\\SectorController  action:index"
2017-07-07 17:47:07   "Controller:\\app\\Controller\\SectorController  action:index"
2017-07-07 17:47:07   "Controller:\\app\\Controller\\SectorController  action:index"
2017-07-07 17:47:08   "Controller:\\app\\Controller\\SectorController  action:index"
2017-07-07 17:47:09   "Controller:\\app\\Controller\\SectorController  action:index"
2017-07-07 17:47:10   "Controller:\\app\\Controller\\SectorController  action:index"
2017-07-07 17:47:55   "Controller:\\app\\Controller\\SectorController  action:index"
2017-07-07 17:47:56   "Controller:\\app\\Controller\\SectorController  action:index"
2017-07-07 17:47:59   "Controller:\\app\\Controller\\AddressController  action:index"
2017-07-07 17:48:03   "Controller:\\app\\Controller\\LinkController  action:link"
2017-07-07 17:48:06   "Controller:\\app\\Controller\\LinkController  action:skip"
2017-07-07 17:48:10   "Controller:\\app\\Controller\\UserController  action:index"
2017-07-07 17:48:14   "Controller:\\app\\Controller\\GroupController  action:index"
2017-07-07 17:48:55   "Controller:\\app\\Controller\\GroupController  action:index"
2017-07-07 17:50:45   "Controller:\\app\\Controller\\GroupController  action:index"
2017-07-07 17:50:47   "Controller:\\app\\Controller\\GroupController  action:index"
2017-07-07 17:50:48   "Controller:\\app\\Controller\\GroupController  action:index"
2017-07-07 17:51:02   "Controller:\\app\\Controller\\UserController  action:index"
2017-07-07 17:51:04   "Controller:\\app\\Controller\\LinkController  action:skip"
2017-07-07 17:51:06   "Controller:\\app\\Controller\\LinkController  action:link"
2017-07-07 17:51:09   "Controller:\\app\\Controller\\AddressController  action:index"
2017-07-07 17:51:11   "Controller:\\app\\Controller\\SectorController  action:index"
2017-07-07 17:51:25   "Controller:\\app\\Controller\\SectorController  action:index"
2017-07-07 17:51:27   "Controller:\\app\\Controller\\SectorController  action:index"
2017-07-07 17:51:29   "Controller:\\app\\Controller\\SectorController  action:index"
2017-07-07 17:51:30   "Controller:\\app\\Controller\\SectorController  action:index"
2017-07-07 17:51:48   "Controller:\\app\\Controller\\SectorController  action:index"
2017-07-07 17:51:50   "Controller:\\app\\Controller\\GroupController  action:index"
2017-07-07 17:51:55   "Controller:\\app\\Controller\\UserController  action:index"
2017-07-07 17:51:59   "Controller:\\app\\Controller\\LinkController  action:skip"
2017-07-07 17:52:02   "Controller:\\app\\Controller\\LinkController  action:skip"
2017-07-07 17:52:03   "Controller:\\app\\Controller\\LinkController  action:link"
2017-07-07 17:52:04   "Controller:\\app\\Controller\\LinkController  action:linkEdit"
2017-07-07 17:52:12   "Controller:\\app\\Controller\\AddressController  action:index"
2017-07-07 17:52:15   "Controller:\\app\\Controller\\SectorController  action:index"
2017-07-07 17:52:23   "Controller:\\app\\Controller\\SectorController  action:index"
2017-07-07 17:52:24   "Controller:\\app\\Controller\\SectorController  action:index"
2017-07-07 17:52:25   "Controller:\\app\\Controller\\SectorController  action:index"
2017-07-07 17:52:27   "Controller:\\app\\Controller\\AddressController  action:index"
2017-07-07 17:52:28   "Controller:\\app\\Controller\\LinkController  action:link"
2017-07-07 17:52:29   "Controller:\\app\\Controller\\LinkController  action:skip"
