2017-07-13 20:22:21   "Controller:app\\Controller\\IndexController  action:index"
2017-07-13 20:24:01   "Controller:app\\Controller\\UserController  action:index"
2017-07-13 20:24:02   "Controller:app\\Controller\\GroupController  action:index"
2017-07-13 20:24:03   "Controller:app\\Controller\\UserController  action:index"
2017-07-13 20:24:05   "Controller:app\\Controller\\GroupController  action:index"
2017-07-13 20:34:05   "Controller:app\\Controller\\GroupController  action:index"
2017-07-13 20:34:13   "Controller:app\\Controller\\GroupController  action:add"
2017-07-13 20:34:52   "Controller:app\\Controller\\GroupController  action:add"
2017-07-13 20:35:14   "Controller:app\\Controller\\GroupController  action:add"
2017-07-13 20:38:11   "Controller:app\\Controller\\GroupController  action:index"
2017-07-13 20:44:47   "Controller:app\\Controller\\GroupController  action:index"
2017-07-13 20:44:56   "Controller:app\\Controller\\GroupController  action:index"
2017-07-13 20:50:17   "Controller:app\\Controller\\GroupController  action:index"
2017-07-13 20:50:39   "Controller:app\\Controller\\GroupController  action:index"
2017-07-13 20:53:12   "Controller:app\\Controller\\UserController  action:index"
2017-07-13 20:53:16   "Controller:app\\Controller\\UserController  action:index"
2017-07-13 20:53:22   "Controller:app\\Controller\\GroupController  action:index"
2017-07-13 20:58:41   "Controller:app\\Controller\\GroupController  action:index"
2017-07-13 21:12:58   "Controller:app\\Controller\\GroupController  action:index"
2017-07-13 21:13:48   "Controller:app\\Controller\\GroupController  action:index"
2017-07-13 21:18:09   "Controller:app\\Controller\\GroupController  action:index"
2017-07-13 21:19:39   "Controller:app\\Controller\\GroupController  action:index"
2017-07-13 21:20:32   "Controller:app\\Controller\\GroupController  action:index"
2017-07-13 21:24:48   "Controller:app\\Controller\\GroupController  action:index"
2017-07-13 21:25:14   "Controller:app\\Controller\\GroupController  action:index"
2017-07-13 21:26:30   "Controller:app\\Controller\\GroupController  action:index"
2017-07-13 21:26:56   "Controller:app\\Controller\\GroupController  action:index"
2017-07-13 21:27:17   "Controller:app\\Controller\\GroupController  action:index"
2017-07-13 21:27:43   "Controller:app\\Controller\\GroupController  action:index"
2017-07-13 21:27:45   "Controller:app\\Controller\\GroupController  action:getInfo"
2017-07-13 21:31:02   "Controller:app\\Controller\\GroupController  action:index"
2017-07-13 21:32:35   "Controller:app\\Controller\\GroupController  action:getInfo"
2017-07-13 21:39:12   "Controller:app\\Controller\\GroupController  action:index"
2017-07-13 21:39:39   "Controller:app\\Controller\\GroupController  action:get_by_pk"
2017-07-13 21:40:45   "Controller:app\\Controller\\GroupController  action:get_by_pk"
2017-07-13 21:40:57   "Controller:app\\Controller\\GroupController  action:get_by_pk"
2017-07-13 21:41:23   "Controller:app\\Controller\\GroupController  action:get_by_pk"
2017-07-13 21:47:39   "Controller:app\\Controller\\GroupController  action:index"
2017-07-13 21:48:13   "Controller:app\\Controller\\GroupController  action:index"
2017-07-13 21:48:43   "Controller:app\\Controller\\GroupController  action:index"
2017-07-13 21:49:18   "Controller:app\\Controller\\GroupController  action:index"
2017-07-13 21:49:58   "Controller:app\\Controller\\GroupController  action:index"
2017-07-13 21:51:43   "Controller:app\\Controller\\GroupController  action:index"
2017-07-13 22:29:30   "Controller:app\\Controller\\GroupController  action:index"
2017-07-13 22:31:01   "Controller:app\\Controller\\GroupController  action:add"
2017-07-13 22:31:08   "Controller:app\\Controller\\GroupController  action:add"
2017-07-13 22:42:58   "Controller:app\\Controller\\GroupController  action:add"
2017-07-13 22:43:37   "Controller:app\\Controller\\GroupController  action:add"
2017-07-13 22:43:40   "Controller:app\\Controller\\GroupController  action:add"
2017-07-13 22:43:57   "Controller:app\\Controller\\GroupController  action:index"
2017-07-13 22:47:51   "Controller:app\\Controller\\GroupController  action:index"
2017-07-13 22:52:58   "Controller:app\\Controller\\GroupController  action:index"
2017-07-13 22:54:13   "Controller:app\\Controller\\GroupController  action:index"
2017-07-13 22:56:25   "Controller:app\\Controller\\GroupController  action:index"
2017-07-13 22:58:37   "Controller:app\\Controller\\GroupController  action:index"
2017-07-13 22:58:54   "Controller:app\\Controller\\GroupController  action:index"
2017-07-13 22:59:21   "Controller:app\\Controller\\GroupController  action:index"
2017-07-13 23:00:49   "Controller:app\\Controller\\GroupController  action:index"
2017-07-13 23:03:37   "Controller:app\\Controller\\GroupController  action:index"
2017-07-13 23:03:44   "Controller:app\\Controller\\GroupController  action:add"
2017-07-13 23:03:57   "Controller:app\\Controller\\GroupController  action:index"
2017-07-13 23:05:19   "Controller:app\\Controller\\GroupController  action:index"
2017-07-13 23:05:22   "Controller:app\\Controller\\GroupController  action:delete_by_id"
