2017-07-14 10:51:43   "Controller:app\\Controller\\IndexController  action:index"
2017-07-14 10:51:45   "Controller:app\\Controller\\UserController  action:index"
2017-07-14 10:51:47   "Controller:app\\Controller\\GroupController  action:index"
2017-07-14 14:15:21   "Controller:app\\Controller\\UserController  action:index"
2017-07-14 14:15:26   "Controller:app\\Controller\\GroupController  action:index"
2017-07-14 14:15:28   "Controller:app\\Controller\\LinkController  action:skip"
2017-07-14 14:15:30   "Controller:app\\Controller\\GroupController  action:index"
2017-07-14 14:15:31   "Controller:app\\Controller\\UserController  action:index"
2017-07-14 14:15:31   "Controller:app\\Controller\\GroupController  action:index"
2017-07-14 14:15:32   "Controller:app\\Controller\\UserController  action:index"
2017-07-14 14:15:32   "Controller:app\\Controller\\GroupController  action:index"
2017-07-14 14:15:33   "Controller:app\\Controller\\UserController  action:index"
2017-07-14 14:15:33   "Controller:app\\Controller\\GroupController  action:index"
2017-07-14 14:15:34   "Controller:app\\Controller\\UserController  action:index"
2017-07-14 14:17:26   "Controller:app\\Controller\\LinkController  action:link"
2017-07-14 14:17:28   "Controller:app\\Controller\\LinkController  action:linkEdit"
2017-07-14 14:17:49   "Controller:app\\Controller\\GroupController  action:index"
2017-07-14 14:17:50   "Controller:app\\Controller\\LinkController  action:link"
2017-07-14 14:17:52   "Controller:app\\Controller\\LinkController  action:skip"
2017-07-14 14:17:53   "Controller:app\\Controller\\AddressController  action:index"
2017-07-14 14:17:53   "Controller:app\\Controller\\SectorController  action:index"
2017-07-14 14:17:54   "Controller:app\\Controller\\SectorController  action:index"
2017-07-14 14:17:57   "Controller:app\\Controller\\SectorController  action:index"
2017-07-14 14:18:00   "Controller:app\\Controller\\SectorController  action:index"
2017-07-14 14:18:01   "Controller:app\\Controller\\LinkController  action:link"
2017-07-14 14:39:24   "Controller:app\\Controller\\IndexController  action:index"
2017-07-14 14:39:30   "Controller:app\\Controller\\GroupController  action:index"
2017-07-14 17:45:09   "Controller:app\\Controller\\IndexController  action:index"
2017-07-14 17:45:12   "Controller:app\\Controller\\GroupController  action:index"
